1733717368056	geckodriver	INFO	Listening on 127.0.0.1:49870
1733717371122	mozrunner::runner	INFO	Running command: "C:\\Program Files\\Mozilla Firefox\\firefox.exe" "--marionette" "--remote-debugging-port" "49871" "--remote-allow-hosts" "localhost" "-no-remote" "-profile" "C:\\Users\\ADMINI~1\\AppData\\Local\\Temp\\rust_mozprofileh4PQuv"
console.warn: services.settings: Ignoring preference override of remote settings server
console.warn: services.settings: Allow by setting MOZ_REMOTE_SETTINGS_DEVTOOLS=1 in the environment
Dynamically enable window occlusion 0
1733717371623	Marionette	INFO	Marionette enabled
1733717371879	Marionette	INFO	Listening on port 49884
WebDriver BiDi listening on ws://127.0.0.1:49871
Read port: 49884
1733717372083	RemoteAgent	WARN	TLS certificate errors will be ignored for this session
1733717380342	Marionette	INFO	Stopped listening on port 49884
Dynamically enable window occlusion 1
1733717394813	geckodriver	INFO	Listening on 127.0.0.1:49918
1733717397869	mozrunner::runner	INFO	Running command: "C:\\Program Files\\Mozilla Firefox\\firefox.exe" "--marionette" "--remote-debugging-port" "49919" "--remote-allow-hosts" "localhost" "-no-remote" "-profile" "C:\\Users\\ADMINI~1\\AppData\\Local\\Temp\\rust_mozprofileoBvw5g"
console.warn: services.settings: Ignoring preference override of remote settings server
console.warn: services.settings: Allow by setting MOZ_REMOTE_SETTINGS_DEVTOOLS=1 in the environment
Dynamically enable window occlusion 0
1733717398411	Marionette	INFO	Marionette enabled
1733717398633	Marionette	INFO	Listening on port 49926
WebDriver BiDi listening on ws://127.0.0.1:49919
Read port: 49926
1733717398857	RemoteAgent	WARN	TLS certificate errors will be ignored for this session
1733717406900	Marionette	INFO	Stopped listening on port 49926
Dynamically enable window occlusion 1
1733717563821	geckodriver	INFO	Listening on 127.0.0.1:50091
1733717566868	mozrunner::runner	INFO	Running command: "C:\\Program Files\\Mozilla Firefox\\firefox.exe" "--marionette" "--remote-debugging-port" "50092" "--remote-allow-hosts" "localhost" "-no-remote" "-profile" "C:\\Users\\ADMINI~1\\AppData\\Local\\Temp\\rust_mozprofilevsK4OM"
console.warn: services.settings: Ignoring preference override of remote settings server
console.warn: services.settings: Allow by setting MOZ_REMOTE_SETTINGS_DEVTOOLS=1 in the environment
Dynamically enable window occlusion 0
1733717567396	Marionette	INFO	Marionette enabled
1733717567636	Marionette	INFO	Listening on port 50100
WebDriver BiDi listening on ws://127.0.0.1:50092
Read port: 50100
1733717567857	RemoteAgent	WARN	TLS certificate errors will be ignored for this session
JavaScript error: https://www.moneycontrol.com/mc/assets/js/charting_library-v22/charting_library/charting_library.js?v=33.52, line 1: TypeError: this._innerAPI() is undefined
JavaScript warning: https://pagead2.googlesyndication.com/bg/RJ33JqD_0F92LrPnHN8EXix2XvuHBMyQtF5rvO_qZuc.js line 2 > eval line 2656 > eval line 1 > eval line 1 > eval, line 1: WEBGL_debug_renderer_info is deprecated in Firefox and will be removed. Please use RENDERER.
JavaScript error: https://d22swxawtpfyg.cloudfront.net/moneycontrol/sep-2024/scroll-intr-open/mc_sr_main.min.js, line 1: ReferenceError: pbjs is not defined
JavaScript warning: https://pagead2.googlesyndication.com/bg/RJ33JqD_0F92LrPnHN8EXix2XvuHBMyQtF5rvO_qZuc.js line 2 > eval line 7448 > eval line 1 > eval line 1 > eval, line 1: WEBGL_debug_renderer_info is deprecated in Firefox and will be removed. Please use RENDERER.
1733717581671	Marionette	INFO	Stopped listening on port 50100
JavaScript warning: https://d2r1yp2w7bby2u.cloudfront.net/js/clevertap.min.js, line 1: Script terminated by timeout at:
Ut/</</r<@https://d2r1yp2w7bby2u.cloudfront.net/js/clevertap.min.js:1:60949

JavaScript warning: https://imasdk.googleapis.com/js/core/bridge3.677.1_en.html#goog_1386257741, line 303: Script terminated by timeout at:
l.Qn@https://imasdk.googleapis.com/js/core/bridge3.677.1_en.html#goog_1386257741:303:648

Dynamically enable window occlusion 1
JavaScript error: , line 0: TypeError: NetworkError when attempting to fetch resource.
JavaScript error: , line 0: TypeError: NetworkError when attempting to fetch resource.
JavaScript error: , line 0: TypeError: NetworkError when attempting to fetch resource.
JavaScript error: , line 0: AbortError: The operation was aborted. 
JavaScript error: , line 0: AbortError: The operation was aborted. 
JavaScript error: , line 0: AbortError: The operation was aborted. 
JavaScript error: , line 0: AbortError: The operation was aborted. 
1733717603462	geckodriver	INFO	Listening on 127.0.0.1:50315
1733717606533	mozrunner::runner	INFO	Running command: "C:\\Program Files\\Mozilla Firefox\\firefox.exe" "--marionette" "--remote-debugging-port" "50316" "--remote-allow-hosts" "localhost" "-no-remote" "-profile" "C:\\Users\\ADMINI~1\\AppData\\Local\\Temp\\rust_mozprofile7hiem5"
console.warn: services.settings: Ignoring preference override of remote settings server
console.warn: services.settings: Allow by setting MOZ_REMOTE_SETTINGS_DEVTOOLS=1 in the environment
Dynamically enable window occlusion 0
1733717607042	Marionette	INFO	Marionette enabled
1733717607268	Marionette	INFO	Listening on port 50323
WebDriver BiDi listening on ws://127.0.0.1:50316
Read port: 50323
1733717607503	RemoteAgent	WARN	TLS certificate errors will be ignored for this session
JavaScript error: https://www.moneycontrol.com/mc/assets/js/charting_library-v22/charting_library/charting_library.js?v=33.52, line 1: TypeError: this._innerAPI() is undefined
JavaScript warning: https://pagead2.googlesyndication.com/bg/RJ33JqD_0F92LrPnHN8EXix2XvuHBMyQtF5rvO_qZuc.js line 2 > eval line 123 > eval line 1 > eval line 1 > eval, line 1: WEBGL_debug_renderer_info is deprecated in Firefox and will be removed. Please use RENDERER.
JavaScript error: https://d22swxawtpfyg.cloudfront.net/moneycontrol/sep-2024/scroll-intr-open/mc_sr_main.min.js, line 1: ReferenceError: pbjs is not defined
1733717619369	Marionette	INFO	Stopped listening on port 50323
Dynamically enable window occlusion 1
JavaScript error: resource://gre/actors/AutoplayParent.sys.mjs, line 10: TypeError: browser is null
1733717663720	geckodriver	INFO	Listening on 127.0.0.1:50518
1733717666767	mozrunner::runner	INFO	Running command: "C:\\Program Files\\Mozilla Firefox\\firefox.exe" "--marionette" "--remote-debugging-port" "50519" "--remote-allow-hosts" "localhost" "-no-remote" "-profile" "C:\\Users\\ADMINI~1\\AppData\\Local\\Temp\\rust_mozprofilec4EdCw"
console.warn: services.settings: Ignoring preference override of remote settings server
console.warn: services.settings: Allow by setting MOZ_REMOTE_SETTINGS_DEVTOOLS=1 in the environment
Dynamically enable window occlusion 0
1733717667208	Marionette	INFO	Marionette enabled
1733717667440	Marionette	INFO	Listening on port 50526
WebDriver BiDi listening on ws://127.0.0.1:50519
Read port: 50526
1733717667657	RemoteAgent	WARN	TLS certificate errors will be ignored for this session
JavaScript error: https://www.moneycontrol.com/mc/assets/js/charting_library-v22/charting_library/charting_library.js?v=33.52, line 1: TypeError: this._innerAPI() is undefined
JavaScript warning: https://pagead2.googlesyndication.com/bg/RJ33JqD_0F92LrPnHN8EXix2XvuHBMyQtF5rvO_qZuc.js line 2 > eval line 425 > eval line 1 > eval line 1 > eval, line 1: WEBGL_debug_renderer_info is deprecated in Firefox and will be removed. Please use RENDERER.
JavaScript error: https://d22swxawtpfyg.cloudfront.net/moneycontrol/sep-2024/scroll-intr-open/mc_sr_main.min.js, line 1: ReferenceError: pbjs is not defined
1733717679631	Marionette	INFO	Stopped listening on port 50526
JavaScript warning: https://unpkg.com/@dotlottie/player-component@2.7.12/dist/lottie_svg-MJGYILXD-NRTSROOT.mjs, line 5: Script terminated by timeout at:
p@https://unpkg.com/@dotlottie/player-component@2.7.12/dist/lottie_svg-MJGYILXD-NRTSROOT.mjs:5:18012

Dynamically enable window occlusion 1
JavaScript error: resource://gre/actors/AutoplayParent.sys.mjs, line 10: TypeError: browser is null
1733717734751	geckodriver	INFO	Listening on 127.0.0.1:50736
1733717737778	mozrunner::runner	INFO	Running command: "C:\\Program Files\\Mozilla Firefox\\firefox.exe" "--marionette" "--remote-debugging-port" "50737" "--remote-allow-hosts" "localhost" "-no-remote" "-profile" "C:\\Users\\ADMINI~1\\AppData\\Local\\Temp\\rust_mozprofile4dwyev"
console.warn: services.settings: Ignoring preference override of remote settings server
console.warn: services.settings: Allow by setting MOZ_REMOTE_SETTINGS_DEVTOOLS=1 in the environment
Dynamically enable window occlusion 0
1733717738235	Marionette	INFO	Marionette enabled
1733717738599	Marionette	INFO	Listening on port 50753
WebDriver BiDi listening on ws://127.0.0.1:50737
Read port: 50753
1733717738892	RemoteAgent	WARN	TLS certificate errors will be ignored for this session
JavaScript error: https://www.moneycontrol.com/mc/assets/js/charting_library-v22/charting_library/charting_library.js?v=33.52, line 1: TypeError: this._innerAPI() is undefined
JavaScript warning: https://pagead2.googlesyndication.com/bg/RJ33JqD_0F92LrPnHN8EXix2XvuHBMyQtF5rvO_qZuc.js line 2 > eval line 3200 > eval line 1 > eval line 1 > eval, line 1: WEBGL_debug_renderer_info is deprecated in Firefox and will be removed. Please use RENDERER.
JavaScript error: https://d22swxawtpfyg.cloudfront.net/moneycontrol/sep-2024/scroll-intr-open/mc_sr_main.min.js, line 1: ReferenceError: pbjs is not defined
JavaScript warning: https://pagead2.googlesyndication.com/bg/RJ33JqD_0F92LrPnHN8EXix2XvuHBMyQtF5rvO_qZuc.js line 2 > eval line 6249 > eval line 1 > eval line 1 > eval, line 1: WEBGL_debug_renderer_info is deprecated in Firefox and will be removed. Please use RENDERER.
1733717751361	Marionette	INFO	Stopped listening on port 50753
JavaScript warning: https://rtbpass-us.andbeyond.media/prebid-custom.js, line 78: Script terminated by timeout at:
13903/<@https://rtbpass-us.andbeyond.media/prebid-custom.js:78:5511

Dynamically enable window occlusion 1
1733717900584	geckodriver	INFO	Listening on 127.0.0.1:51519
1733717903630	mozrunner::runner	INFO	Running command: "C:\\Program Files\\Mozilla Firefox\\firefox.exe" "--marionette" "--remote-debugging-port" "51520" "--remote-allow-hosts" "localhost" "-no-remote" "-profile" "C:\\Users\\ADMINI~1\\AppData\\Local\\Temp\\rust_mozprofileBiJF52"
console.warn: services.settings: Ignoring preference override of remote settings server
console.warn: services.settings: Allow by setting MOZ_REMOTE_SETTINGS_DEVTOOLS=1 in the environment
Dynamically enable window occlusion 0
1733717904172	Marionette	INFO	Marionette enabled
1733717904410	Marionette	INFO	Listening on port 51527
WebDriver BiDi listening on ws://127.0.0.1:51520
Read port: 51527
1733717904628	RemoteAgent	WARN	TLS certificate errors will be ignored for this session
JavaScript error: https://www.moneycontrol.com/mc/assets/js/charting_library-v22/charting_library/charting_library.js?v=33.52, line 1: TypeError: this._innerAPI() is undefined
JavaScript warning: https://pagead2.googlesyndication.com/bg/RJ33JqD_0F92LrPnHN8EXix2XvuHBMyQtF5rvO_qZuc.js line 2 > eval line 3965 > eval line 1 > eval line 1 > eval, line 1: WEBGL_debug_renderer_info is deprecated in Firefox and will be removed. Please use RENDERER.
JavaScript error: https://d22swxawtpfyg.cloudfront.net/moneycontrol/sep-2024/scroll-intr-open/mc_sr_main.min.js, line 1: ReferenceError: pbjs is not defined
1733717916494	Marionette	INFO	Stopped listening on port 51527
Dynamically enable window occlusion 1
JavaScript error: , line 0: TypeError: NetworkError when attempting to fetch resource.
JavaScript error: , line 0: TypeError: NetworkError when attempting to fetch resource.
JavaScript error: , line 0: TypeError: NetworkError when attempting to fetch resource.
JavaScript error: , line 0: TypeError: NetworkError when attempting to fetch resource.
JavaScript error: , line 0: TypeError: NetworkError when attempting to fetch resource.
JavaScript error: , line 0: TypeError: NetworkError when attempting to fetch resource.
JavaScript error: , line 0: TypeError: NetworkError when attempting to fetch resource.
JavaScript error: , line 0: TypeError: NetworkError when attempting to fetch resource.
JavaScript error: , line 0: AbortError: The operation was aborted. 
1733717945773	geckodriver	INFO	Listening on 127.0.0.1:51719
1733717948832	mozrunner::runner	INFO	Running command: "C:\\Program Files\\Mozilla Firefox\\firefox.exe" "--marionette" "--remote-debugging-port" "51720" "--remote-allow-hosts" "localhost" "-no-remote" "-profile" "C:\\Users\\ADMINI~1\\AppData\\Local\\Temp\\rust_mozprofile3jX5gE"
console.warn: services.settings: Ignoring preference override of remote settings server
console.warn: services.settings: Allow by setting MOZ_REMOTE_SETTINGS_DEVTOOLS=1 in the environment
Dynamically enable window occlusion 0
1733717949311	Marionette	INFO	Marionette enabled
1733717949558	Marionette	INFO	Listening on port 51727
WebDriver BiDi listening on ws://127.0.0.1:51720
Read port: 51727
1733717949777	RemoteAgent	WARN	TLS certificate errors will be ignored for this session
JavaScript error: https://www.moneycontrol.com/mc/assets/js/charting_library-v22/charting_library/charting_library.js?v=33.52, line 1: TypeError: this._innerAPI() is undefined
JavaScript warning: https://pagead2.googlesyndication.com/bg/RJ33JqD_0F92LrPnHN8EXix2XvuHBMyQtF5rvO_qZuc.js line 2 > eval line 6805 > eval line 1 > eval line 1 > eval, line 1: WEBGL_debug_renderer_info is deprecated in Firefox and will be removed. Please use RENDERER.
JavaScript error: https://d22swxawtpfyg.cloudfront.net/moneycontrol/sep-2024/scroll-intr-open/mc_sr_main.min.js, line 1: ReferenceError: pbjs is not defined
JavaScript warning: https://pagead2.googlesyndication.com/bg/RJ33JqD_0F92LrPnHN8EXix2XvuHBMyQtF5rvO_qZuc.js line 2 > eval line 4979 > eval line 1 > eval line 1 > eval, line 1: WEBGL_debug_renderer_info is deprecated in Firefox and will be removed. Please use RENDERER.
1733717961472	Marionette	INFO	Stopped listening on port 51727
JavaScript warning: https://imasdk.googleapis.com/js/core/bridge3.677.1_en.html#goog_1681953368, line 303: Script terminated by timeout at:
l.Qn@https://imasdk.googleapis.com/js/core/bridge3.677.1_en.html#goog_1681953368:303:648

Dynamically enable window occlusion 1
JavaScript error: resource://gre/actors/AutoplayParent.sys.mjs, line 10: TypeError: browser is null
1733717989126	geckodriver	INFO	Listening on 127.0.0.1:51938
1733717992208	mozrunner::runner	INFO	Running command: "C:\\Program Files\\Mozilla Firefox\\firefox.exe" "--marionette" "--remote-debugging-port" "51939" "--remote-allow-hosts" "localhost" "-no-remote" "-profile" "C:\\Users\\ADMINI~1\\AppData\\Local\\Temp\\rust_mozprofilezrTMLy"
console.warn: services.settings: Ignoring preference override of remote settings server
console.warn: services.settings: Allow by setting MOZ_REMOTE_SETTINGS_DEVTOOLS=1 in the environment
Dynamically enable window occlusion 0
1733717992700	Marionette	INFO	Marionette enabled
1733717992948	Marionette	INFO	Listening on port 51947
WebDriver BiDi listening on ws://127.0.0.1:51939
Read port: 51947
1733717993167	RemoteAgent	WARN	TLS certificate errors will be ignored for this session
JavaScript error: https://www.moneycontrol.com/mc/assets/js/charting_library-v22/charting_library/charting_library.js?v=33.52, line 1: TypeError: this._innerAPI() is undefined
JavaScript warning: https://pagead2.googlesyndication.com/bg/RJ33JqD_0F92LrPnHN8EXix2XvuHBMyQtF5rvO_qZuc.js line 2 > eval line 7013 > eval line 1 > eval line 1 > eval, line 1: WEBGL_debug_renderer_info is deprecated in Firefox and will be removed. Please use RENDERER.
JavaScript error: https://d22swxawtpfyg.cloudfront.net/moneycontrol/sep-2024/scroll-intr-open/mc_sr_main.min.js, line 1: ReferenceError: pbjs is not defined
JavaScript warning: https://pagead2.googlesyndication.com/bg/RJ33JqD_0F92LrPnHN8EXix2XvuHBMyQtF5rvO_qZuc.js line 2 > eval line 7347 > eval line 1 > eval line 1 > eval, line 1: WEBGL_debug_renderer_info is deprecated in Firefox and will be removed. Please use RENDERER.
1733718005384	Marionette	INFO	Stopped listening on port 51947
JavaScript warning: https://unpkg.com/@dotlottie/player-component@2.7.12/dist/lottie_svg-MJGYILXD-NRTSROOT.mjs, line 5: Script terminated by timeout at:
p@https://unpkg.com/@dotlottie/player-component@2.7.12/dist/lottie_svg-MJGYILXD-NRTSROOT.mjs:5:18012

Dynamically enable window occlusion 1
JavaScript error: resource://gre/actors/AutoplayParent.sys.mjs, line 10: TypeError: browser is null
JavaScript error: resource://gre/actors/AutoplayParent.sys.mjs, line 10: TypeError: browser is null
1733718041894	geckodriver	INFO	Listening on 127.0.0.1:52138
1733718044960	mozrunner::runner	INFO	Running command: "C:\\Program Files\\Mozilla Firefox\\firefox.exe" "--marionette" "--remote-debugging-port" "52139" "--remote-allow-hosts" "localhost" "-no-remote" "-profile" "C:\\Users\\ADMINI~1\\AppData\\Local\\Temp\\rust_mozprofileVIQuob"
console.warn: services.settings: Ignoring preference override of remote settings server
console.warn: services.settings: Allow by setting MOZ_REMOTE_SETTINGS_DEVTOOLS=1 in the environment
Dynamically enable window occlusion 0
1733718045461	Marionette	INFO	Marionette enabled
1733718045699	Marionette	INFO	Listening on port 52146
WebDriver BiDi listening on ws://127.0.0.1:52139
Read port: 52146
1733718045955	RemoteAgent	WARN	TLS certificate errors will be ignored for this session
JavaScript error: https://www.moneycontrol.com/mc/assets/js/charting_library-v22/charting_library/charting_library.js?v=33.52, line 1: TypeError: this._innerAPI() is undefined
JavaScript warning: https://pagead2.googlesyndication.com/bg/RJ33JqD_0F92LrPnHN8EXix2XvuHBMyQtF5rvO_qZuc.js line 2 > eval line 724 > eval line 1 > eval line 1 > eval, line 1: WEBGL_debug_renderer_info is deprecated in Firefox and will be removed. Please use RENDERER.
JavaScript error: https://d22swxawtpfyg.cloudfront.net/moneycontrol/sep-2024/scroll-intr-open/mc_sr_main.min.js, line 1: ReferenceError: pbjs is not defined
1733718056281	Marionette	WARN	Ignoring event 'DOMContentLoaded' because document has an invalid readyState of 'complete'.
JavaScript warning: https://pagead2.googlesyndication.com/bg/RJ33JqD_0F92LrPnHN8EXix2XvuHBMyQtF5rvO_qZuc.js line 2 > eval line 4186 > eval line 1 > eval line 1 > eval, line 1: WEBGL_debug_renderer_info is deprecated in Firefox and will be removed. Please use RENDERER.
1733718058260	Marionette	INFO	Stopped listening on port 52146
JavaScript warning: https://imasdk.googleapis.com/js/core/bridge3.677.1_en.html#goog_1795972893, line 303: Script terminated by timeout at:
l.Qn@https://imasdk.googleapis.com/js/core/bridge3.677.1_en.html#goog_1795972893:303:648

JavaScript warning: https://pagead2.googlesyndication.com/pagead/managed/js/adsense/m202412030101/show_ads_impl_fy2021.js, line 569: Script terminated by timeout at:
YR/<@https://pagead2.googlesyndication.com/pagead/managed/js/adsense/m202412030101/show_ads_impl_fy2021.js:569:94

Dynamically enable window occlusion 1
JavaScript error: resource://gre/actors/AutoplayParent.sys.mjs, line 10: TypeError: browser is null
JavaScript error: resource://gre/actors/AutoplayParent.sys.mjs, line 10: TypeError: browser is null
1733718100419	geckodriver	INFO	Listening on 127.0.0.1:52332
1733718103455	mozrunner::runner	INFO	Running command: "C:\\Program Files\\Mozilla Firefox\\firefox.exe" "--marionette" "--remote-debugging-port" "52333" "--remote-allow-hosts" "localhost" "-no-remote" "-profile" "C:\\Users\\ADMINI~1\\AppData\\Local\\Temp\\rust_mozprofilejVz8Mg"
console.warn: services.settings: Ignoring preference override of remote settings server
console.warn: services.settings: Allow by setting MOZ_REMOTE_SETTINGS_DEVTOOLS=1 in the environment
Dynamically enable window occlusion 0
1733718103957	Marionette	INFO	Marionette enabled
1733718104194	Marionette	INFO	Listening on port 52340
WebDriver BiDi listening on ws://127.0.0.1:52333
Read port: 52340
1733718104413	RemoteAgent	WARN	TLS certificate errors will be ignored for this session
JavaScript error: https://www.moneycontrol.com/mc/assets/js/charting_library-v22/charting_library/charting_library.js?v=33.52, line 1: TypeError: this._innerAPI() is undefined
JavaScript warning: https://pagead2.googlesyndication.com/bg/RJ33JqD_0F92LrPnHN8EXix2XvuHBMyQtF5rvO_qZuc.js line 2 > eval line 7179 > eval line 1 > eval line 1 > eval, line 1: WEBGL_debug_renderer_info is deprecated in Firefox and will be removed. Please use RENDERER.
JavaScript error: https://d22swxawtpfyg.cloudfront.net/moneycontrol/sep-2024/scroll-intr-open/mc_sr_main.min.js, line 1: ReferenceError: pbjs is not defined
JavaScript warning: https://pagead2.googlesyndication.com/bg/RJ33JqD_0F92LrPnHN8EXix2XvuHBMyQtF5rvO_qZuc.js line 2 > eval line 2765 > eval line 1 > eval line 1 > eval, line 1: WEBGL_debug_renderer_info is deprecated in Firefox and will be removed. Please use RENDERER.
1733718116426	Marionette	INFO	Stopped listening on port 52340
JavaScript warning: https://rtbcdn.andbeyond.media/prod-global-32339.js, line 1: Script terminated by timeout at:
processSlot/timer<@https://rtbcdn.andbeyond.media/prod-global-32339.js:1:44574

Dynamically enable window occlusion 1
1733718154670	geckodriver	INFO	Listening on 127.0.0.1:52535
1733718157718	mozrunner::runner	INFO	Running command: "C:\\Program Files\\Mozilla Firefox\\firefox.exe" "--marionette" "--remote-debugging-port" "52536" "--remote-allow-hosts" "localhost" "-no-remote" "-profile" "C:\\Users\\ADMINI~1\\AppData\\Local\\Temp\\rust_mozprofileke5Ac4"
console.warn: services.settings: Ignoring preference override of remote settings server
console.warn: services.settings: Allow by setting MOZ_REMOTE_SETTINGS_DEVTOOLS=1 in the environment
Dynamically enable window occlusion 0
1733718158242	Marionette	INFO	Marionette enabled
1733718158492	Marionette	INFO	Listening on port 52543
WebDriver BiDi listening on ws://127.0.0.1:52536
Read port: 52543
1733718158729	RemoteAgent	WARN	TLS certificate errors will be ignored for this session
JavaScript error: https://www.moneycontrol.com/mc/assets/js/charting_library-v22/charting_library/charting_library.js?v=33.52, line 1: TypeError: this._innerAPI() is undefined
JavaScript warning: https://pagead2.googlesyndication.com/bg/RJ33JqD_0F92LrPnHN8EXix2XvuHBMyQtF5rvO_qZuc.js line 2 > eval line 6716 > eval line 1 > eval line 1 > eval, line 1: WEBGL_debug_renderer_info is deprecated in Firefox and will be removed. Please use RENDERER.
JavaScript error: https://d22swxawtpfyg.cloudfront.net/moneycontrol/sep-2024/scroll-intr-open/mc_sr_main.min.js, line 1: ReferenceError: pbjs is not defined
JavaScript warning: https://pagead2.googlesyndication.com/bg/RJ33JqD_0F92LrPnHN8EXix2XvuHBMyQtF5rvO_qZuc.js line 2 > eval line 3609 > eval line 1 > eval line 1 > eval, line 1: WEBGL_debug_renderer_info is deprecated in Firefox and will be removed. Please use RENDERER.
1733718171152	Marionette	INFO	Stopped listening on port 52543
Dynamically enable window occlusion 1
JavaScript error: resource://gre/actors/AutoplayParent.sys.mjs, line 10: TypeError: browser is null
JavaScript error: resource://gre/actors/AutoplayParent.sys.mjs, line 10: TypeError: browser is null
